<?xml version="1.0" encoding="UTF-8"?>
<!-- Generated by org.testng.reporters.JUnitReportReporter -->
<testsuite skipped="0" hostname="DESKTOP-64VRLD2" name="programs.competency" tests="4" failures="0" timestamp="2021-05-15T18:52:40 IST" time="0.013" errors="0">
  <testcase name="madhu3" time="0.009" classname="programs.competency"/>
  <system-out/>
  <testcase name="madhu" time="0.002" classname="programs.competency"/>
  <system-out/>
  <testcase name="madhu1" time="0.001" classname="programs.competency"/>
  <system-out/>
  <testcase name="madhu2" time="0.001" classname="programs.competency"/>
  <system-out/>
</testsuite> <!-- programs.competency -->
