<?xml version="1.0" encoding="UTF-8"?>
<!-- Generated by org.testng.reporters.JUnitReportReporter -->
<testsuite skipped="0" hostname="DESKTOP-64VRLD2" name="oops.class_" tests="2" failures="0" timestamp="2021-04-25T20:04:40 IST" time="0.010" errors="0">
  <testcase name="local_method" time="0.008" classname="oops.class_"/>
  <system-out/>
  <testcase name="main" time="0.002" classname="oops.class_"/>
  <system-out/>
</testsuite> <!-- oops.class_ -->
