<?xml version="1.0" encoding="UTF-8"?>
<!-- Generated by org.testng.reporters.JUnitReportReporter -->
<testsuite skipped="0" hostname="DESKTOP-64VRLD2" name="selenium.windowhandle" tests="1" failures="0" timestamp="2021-05-18T17:16:58 IST" time="15.276" errors="0">
  <testcase name="getwindow" time="15.276" classname="selenium.windowhandle"/>
  <system-out/>
</testsuite> <!-- selenium.windowhandle -->
