<?xml version="1.0" encoding="UTF-8"?>
<!-- Generated by org.testng.reporters.JUnitReportReporter -->
<testsuite skipped="0" hostname="DESKTOP-64VRLD2" name="selenium.selenium" tests="1" failures="0" timestamp="2021-05-18T16:20:12 IST" time="7.464" errors="0">
  <testcase name="open_chrome" time="7.464" classname="selenium.selenium"/>
  <system-out/>
</testsuite> <!-- selenium.selenium -->
