<?xml version="1.0" encoding="UTF-8"?>
<!-- Generated by org.testng.reporters.JUnitReportReporter -->
<testsuite skipped="0" hostname="DESKTOP-64VRLD2" name="test.class_" tests="2" failures="0" timestamp="2021-04-24T22:58:37 IST" time="0.003" errors="0">
  <testcase name="local_method" time="0.003" classname="test.class_"/>
  <system-out/>
  <testcase name="main" time="0.000" classname="test.class_"/>
  <system-out/>
</testsuite> <!-- test.class_ -->
